<?xml version="1.0" encoding="UTF-8"?>
<!-- Generated by org.testng.reporters.JUnitXMLReporter -->
<testsuite ignored="0" hostname="ArunRaji" failures="0" tests="5" name="Default test" time="23.781" errors="0" timestamp="09 Nov 2022 12:52:15 GMT">
  <testcase classname="org.testng.TestNGTest" name="loginPage" time="4.162"/>
  <testcase classname="org.testng.TestNGTest" name="searchHotelPage" time="1.387"/>
  <testcase classname="org.testng.TestNGTest" name="selectHotelPage" time="0.814"/>
  <testcase classname="org.testng.TestNGTest" name="bookHotelPage" time="0.554"/>
  <testcase classname="org.testng.TestNGTest" name="orderNumberPage" time="5.86"/>
</testsuite> <!-- Default test -->
