<?xml version="1.0" encoding="UTF-8"?>
<!-- Generated by org.testng.reporters.JUnitXMLReporter -->
<testsuite ignored="0" hostname="ArunRaji" failures="0" tests="9" name="Test" time="0.045" errors="0" timestamp="11 Nov 2022 10:17:42 GMT">
  <testcase classname="org.testng.parallelExecution.A" name="test1" time="0.012"/>
  <testcase classname="org.testng.parallelExecution.B" name="test12" time="0.012"/>
  <testcase classname="org.testng.parallelExecution.B" name="test22" time="0.002"/>
  <testcase classname="org.testng.parallelExecution.A" name="test2" time="0.003"/>
  <testcase classname="org.testng.parallelExecution.A" name="test3" time="0.001"/>
  <testcase classname="org.testng.parallelExecution.A" name="test4" time="0.001"/>
  <testcase classname="org.testng.parallelExecution.A" name="test5" time="0.001"/>
  <testcase classname="org.testng.parallelExecution.A" name="test6" time="0.001"/>
  <testcase classname="org.testng.parallelExecution.A" name="test7" time="0.001"/>
</testsuite> <!-- Test -->
