<?xml version="1.0" encoding="UTF-8"?>
<!-- Generated by org.testng.reporters.JUnitXMLReporter -->
<testsuite hostname="ArunRaji" ignored="0" name="Test" tests="5" failures="0" timestamp="09 Nov 2022 09:52:56 GMT" time="20.52" errors="0">
  <testcase name="loginPage" time="3.024" classname="org.adactin.testng.parameters.dataproviders.AdactinTestNgWithParameters"/>
  <testcase name="searchHotelPage" time="1.236" classname="org.adactin.testng.parameters.dataproviders.AdactinTestNgWithParameters"/>
  <testcase name="selectHotelpage" time="0.72" classname="org.adactin.testng.parameters.dataproviders.AdactinTestNgWithParameters"/>
  <testcase name="bookHotelPage" time="0.436" classname="org.adactin.testng.parameters.dataproviders.AdactinTestNgWithParameters"/>
  <testcase name="orderNumPage" time="5.626" classname="org.adactin.testng.parameters.dataproviders.AdactinTestNgWithParameters"/>
</testsuite> <!-- Test -->
